<?xml version="1.0" encoding="UTF-8"?>
<coverage generated="1752973545967" clover="3.2.0">
  <project timestamp="1752973545967" name="All files">
    <metrics statements="34" coveredstatements="31" conditionals="49" coveredconditionals="45" methods="9" coveredmethods="9" elements="92" coveredelements="85" complexity="0" loc="34" ncloc="34" packages="1" files="1" classes="1"/>
    <file name="validacoes.js" path="/home/claudio/Documentos/github/webacademy/WACAD016-Fundamentos de Teste de Software/myapp-test/src/utils/validacoes.js">
      <metrics statements="34" coveredstatements="31" conditionals="49" coveredconditionals="45" methods="9" coveredmethods="9"/>
      <line num="8" count="8" type="cond" truecount="2" falsecount="0"/>
      <line num="9" count="2" type="stmt"/>
      <line num="12" count="8" type="cond" truecount="2" falsecount="0"/>
      <line num="13" count="2" type="stmt"/>
      <line num="16" count="8" type="stmt"/>
      <line num="18" count="8" type="cond" truecount="2" falsecount="0"/>
      <line num="19" count="4" type="stmt"/>
      <line num="21" count="4" type="stmt"/>
      <line num="33" count="12" type="stmt"/>
      <line num="41" count="12" type="stmt"/>
      <line num="43" count="12" type="cond" truecount="5" falsecount="0"/>
      <line num="44" count="9" type="cond" truecount="2" falsecount="0"/>
      <line num="45" count="7" type="cond" truecount="2" falsecount="0"/>
      <line num="46" count="3" type="cond" truecount="2" falsecount="0"/>
      <line num="47" count="2" type="cond" truecount="2" falsecount="0"/>
      <line num="48" count="1" type="cond" truecount="1" falsecount="1"/>
      <line num="67" count="17" type="cond" truecount="4" falsecount="0"/>
      <line num="69" count="34" type="cond" truecount="4" falsecount="0"/>
      <line num="70" count="8" type="stmt"/>
      <line num="73" count="12" type="cond" truecount="4" falsecount="0"/>
      <line num="74" count="2" type="stmt"/>
      <line num="77" count="10" type="cond" truecount="3" falsecount="1"/>
      <line num="78" count="0" type="stmt"/>
      <line num="81" count="10" type="cond" truecount="3" falsecount="1"/>
      <line num="82" count="0" type="stmt"/>
      <line num="85" count="10" type="cond" truecount="3" falsecount="1"/>
      <line num="86" count="0" type="stmt"/>
      <line num="89" count="6" type="cond" truecount="4" falsecount="0"/>
      <line num="90" count="2" type="stmt"/>
      <line num="93" count="2" type="stmt"/>
      <line num="94" count="2" type="stmt"/>
      <line num="95" count="4" type="stmt"/>
      <line num="97" count="2" type="stmt"/>
      <line num="100" count="1" type="stmt"/>
    </file>
  </project>
</coverage>
