{"/home/claudio/github/webacademy/WACAD016-Fundamentos de Teste de Software/myapp-test/src/utils/validacoes.js": {"path":"/home/claudio/github/webacademy/WACAD016-Fundamentos de Teste de Software/myapp-test/src/utils/validacoes.js","statementMap":{"0":{"start":{"line":8,"column":2},"end":{"line":8,"column":105}},"1":{"start":{"line":8,"column":95},"end":{"line":8,"column":105}},"2":{"start":{"line":10,"column":2},"end":{"line":12,"column":3}},"3":{"start":{"line":11,"column":4},"end":{"line":11,"column":44}},"4":{"start":{"line":14,"column":2},"end":{"line":16,"column":3}},"5":{"start":{"line":15,"column":4},"end":{"line":15,"column":42}},"6":{"start":{"line":18,"column":25},"end":{"line":18,"column":50}},"7":{"start":{"line":20,"column":2},"end":{"line":21,"column":24}},"8":{"start":{"line":21,"column":4},"end":{"line":21,"column":24}},"9":{"start":{"line":23,"column":2},"end":{"line":23,"column":47}},"10":{"start":{"line":35,"column":18},"end":{"line":41,"column":3}},"11":{"start":{"line":43,"column":28},"end":{"line":43,"column":48}},"12":{"start":{"line":45,"column":2},"end":{"line":45,"column":106}},"13":{"start":{"line":45,"column":89},"end":{"line":45,"column":106}},"14":{"start":{"line":46,"column":2},"end":{"line":46,"column":36}},"15":{"start":{"line":46,"column":23},"end":{"line":46,"column":36}},"16":{"start":{"line":47,"column":2},"end":{"line":47,"column":56}},"17":{"start":{"line":47,"column":39},"end":{"line":47,"column":56}},"18":{"start":{"line":48,"column":2},"end":{"line":48,"column":50}},"19":{"start":{"line":48,"column":38},"end":{"line":48,"column":50}},"20":{"start":{"line":49,"column":2},"end":{"line":49,"column":51}},"21":{"start":{"line":49,"column":38},"end":{"line":49,"column":51}},"22":{"start":{"line":50,"column":2},"end":{"line":50,"column":52}},"23":{"start":{"line":50,"column":40},"end":{"line":50,"column":52}},"24":{"start":{"line":69,"column":2},"end":{"line":69,"column":66}},"25":{"start":{"line":69,"column":57},"end":{"line":69,"column":66}},"26":{"start":{"line":71,"column":2},"end":{"line":73,"column":3}},"27":{"start":{"line":71,"column":31},"end":{"line":71,"column":106}},"28":{"start":{"line":72,"column":4},"end":{"line":72,"column":15}},"29":{"start":{"line":75,"column":2},"end":{"line":77,"column":3}},"30":{"start":{"line":75,"column":31},"end":{"line":75,"column":74}},"31":{"start":{"line":76,"column":4},"end":{"line":76,"column":15}},"32":{"start":{"line":79,"column":2},"end":{"line":81,"column":3}},"33":{"start":{"line":79,"column":31},"end":{"line":79,"column":94}},"34":{"start":{"line":80,"column":4},"end":{"line":80,"column":15}},"35":{"start":{"line":83,"column":2},"end":{"line":85,"column":3}},"36":{"start":{"line":83,"column":31},"end":{"line":83,"column":84}},"37":{"start":{"line":84,"column":4},"end":{"line":84,"column":15}},"38":{"start":{"line":87,"column":2},"end":{"line":89,"column":3}},"39":{"start":{"line":87,"column":31},"end":{"line":87,"column":106}},"40":{"start":{"line":88,"column":4},"end":{"line":88,"column":15}},"41":{"start":{"line":91,"column":2},"end":{"line":93,"column":3}},"42":{"start":{"line":91,"column":31},"end":{"line":91,"column":78}},"43":{"start":{"line":92,"column":4},"end":{"line":92,"column":13}},"44":{"start":{"line":95,"column":14},"end":{"line":95,"column":15}},"45":{"start":{"line":96,"column":2},"end":{"line":98,"column":3}},"46":{"start":{"line":96,"column":15},"end":{"line":96,"column":16}},"47":{"start":{"line":97,"column":4},"end":{"line":97,"column":56}},"48":{"start":{"line":99,"column":2},"end":{"line":99,"column":15}},"49":{"start":{"line":102,"column":0},"end":{"line":106,"column":2}}},"fnMap":{"0":{"name":"primeiroNome","decl":{"start":{"line":7,"column":9},"end":{"line":7,"column":21}},"loc":{"start":{"line":7,"column":36},"end":{"line":24,"column":1}},"line":7},"1":{"name":"verificarDisponibilidadeEstoque","decl":{"start":{"line":34,"column":9},"end":{"line":34,"column":40}},"loc":{"start":{"line":34,"column":66},"end":{"line":51,"column":1}},"line":34},"2":{"name":"calcularPrecoTotal","decl":{"start":{"line":68,"column":9},"end":{"line":68,"column":27}},"loc":{"start":{"line":68,"column":38},"end":{"line":100,"column":1}},"line":68},"3":{"name":"(anonymous_3)","decl":{"start":{"line":71,"column":20},"end":{"line":71,"column":21}},"loc":{"start":{"line":71,"column":31},"end":{"line":71,"column":106}},"line":71},"4":{"name":"(anonymous_4)","decl":{"start":{"line":75,"column":20},"end":{"line":75,"column":21}},"loc":{"start":{"line":75,"column":31},"end":{"line":75,"column":74}},"line":75},"5":{"name":"(anonymous_5)","decl":{"start":{"line":79,"column":20},"end":{"line":79,"column":21}},"loc":{"start":{"line":79,"column":31},"end":{"line":79,"column":94}},"line":79},"6":{"name":"(anonymous_6)","decl":{"start":{"line":83,"column":20},"end":{"line":83,"column":21}},"loc":{"start":{"line":83,"column":31},"end":{"line":83,"column":84}},"line":83},"7":{"name":"(anonymous_7)","decl":{"start":{"line":87,"column":20},"end":{"line":87,"column":21}},"loc":{"start":{"line":87,"column":31},"end":{"line":87,"column":106}},"line":87},"8":{"name":"(anonymous_8)","decl":{"start":{"line":91,"column":20},"end":{"line":91,"column":21}},"loc":{"start":{"line":91,"column":31},"end":{"line":91,"column":78}},"line":91}},"branchMap":{"0":{"loc":{"start":{"line":8,"column":2},"end":{"line":8,"column":105}},"type":"if","locations":[{"start":{"line":8,"column":2},"end":{"line":8,"column":105}},{"start":{},"end":{}}],"line":8},"1":{"loc":{"start":{"line":8,"column":6},"end":{"line":8,"column":93}},"type":"binary-expr","locations":[{"start":{"line":8,"column":6},"end":{"line":8,"column":27}},{"start":{"line":8,"column":31},"end":{"line":8,"column":57}},{"start":{"line":8,"column":61},"end":{"line":8,"column":93}}],"line":8},"2":{"loc":{"start":{"line":10,"column":2},"end":{"line":12,"column":3}},"type":"if","locations":[{"start":{"line":10,"column":2},"end":{"line":12,"column":3}},{"start":{},"end":{}}],"line":10},"3":{"loc":{"start":{"line":14,"column":2},"end":{"line":16,"column":3}},"type":"if","locations":[{"start":{"line":14,"column":2},"end":{"line":16,"column":3}},{"start":{},"end":{}}],"line":14},"4":{"loc":{"start":{"line":20,"column":2},"end":{"line":21,"column":24}},"type":"if","locations":[{"start":{"line":20,"column":2},"end":{"line":21,"column":24}},{"start":{},"end":{}}],"line":20},"5":{"loc":{"start":{"line":45,"column":2},"end":{"line":45,"column":106}},"type":"if","locations":[{"start":{"line":45,"column":2},"end":{"line":45,"column":106}},{"start":{},"end":{}}],"line":45},"6":{"loc":{"start":{"line":45,"column":6},"end":{"line":45,"column":87}},"type":"binary-expr","locations":[{"start":{"line":45,"column":6},"end":{"line":45,"column":30}},{"start":{"line":45,"column":34},"end":{"line":45,"column":53}},{"start":{"line":45,"column":57},"end":{"line":45,"column":87}}],"line":45},"7":{"loc":{"start":{"line":46,"column":2},"end":{"line":46,"column":36}},"type":"if","locations":[{"start":{"line":46,"column":2},"end":{"line":46,"column":36}},{"start":{},"end":{}}],"line":46},"8":{"loc":{"start":{"line":47,"column":2},"end":{"line":47,"column":56}},"type":"if","locations":[{"start":{"line":47,"column":2},"end":{"line":47,"column":56}},{"start":{},"end":{}}],"line":47},"9":{"loc":{"start":{"line":48,"column":2},"end":{"line":48,"column":50}},"type":"if","locations":[{"start":{"line":48,"column":2},"end":{"line":48,"column":50}},{"start":{},"end":{}}],"line":48},"10":{"loc":{"start":{"line":49,"column":2},"end":{"line":49,"column":51}},"type":"if","locations":[{"start":{"line":49,"column":2},"end":{"line":49,"column":51}},{"start":{},"end":{}}],"line":49},"11":{"loc":{"start":{"line":50,"column":2},"end":{"line":50,"column":52}},"type":"if","locations":[{"start":{"line":50,"column":2},"end":{"line":50,"column":52}},{"start":{},"end":{}}],"line":50},"12":{"loc":{"start":{"line":69,"column":2},"end":{"line":69,"column":66}},"type":"if","locations":[{"start":{"line":69,"column":2},"end":{"line":69,"column":66}},{"start":{},"end":{}}],"line":69},"13":{"loc":{"start":{"line":69,"column":6},"end":{"line":69,"column":55}},"type":"binary-expr","locations":[{"start":{"line":69,"column":6},"end":{"line":69,"column":30}},{"start":{"line":69,"column":34},"end":{"line":69,"column":55}}],"line":69},"14":{"loc":{"start":{"line":71,"column":2},"end":{"line":73,"column":3}},"type":"if","locations":[{"start":{"line":71,"column":2},"end":{"line":73,"column":3}},{"start":{},"end":{}}],"line":71},"15":{"loc":{"start":{"line":71,"column":31},"end":{"line":71,"column":106}},"type":"binary-expr","locations":[{"start":{"line":71,"column":31},"end":{"line":71,"column":64}},{"start":{"line":71,"column":68},"end":{"line":71,"column":106}}],"line":71},"16":{"loc":{"start":{"line":75,"column":2},"end":{"line":77,"column":3}},"type":"if","locations":[{"start":{"line":75,"column":2},"end":{"line":77,"column":3}},{"start":{},"end":{}}],"line":75},"17":{"loc":{"start":{"line":75,"column":31},"end":{"line":75,"column":74}},"type":"binary-expr","locations":[{"start":{"line":75,"column":31},"end":{"line":75,"column":48}},{"start":{"line":75,"column":52},"end":{"line":75,"column":74}}],"line":75},"18":{"loc":{"start":{"line":79,"column":2},"end":{"line":81,"column":3}},"type":"if","locations":[{"start":{"line":79,"column":2},"end":{"line":81,"column":3}},{"start":{},"end":{}}],"line":79},"19":{"loc":{"start":{"line":79,"column":31},"end":{"line":79,"column":94}},"type":"binary-expr","locations":[{"start":{"line":79,"column":31},"end":{"line":79,"column":58}},{"start":{"line":79,"column":62},"end":{"line":79,"column":94}}],"line":79},"20":{"loc":{"start":{"line":83,"column":2},"end":{"line":85,"column":3}},"type":"if","locations":[{"start":{"line":83,"column":2},"end":{"line":85,"column":3}},{"start":{},"end":{}}],"line":83},"21":{"loc":{"start":{"line":83,"column":31},"end":{"line":83,"column":84}},"type":"binary-expr","locations":[{"start":{"line":83,"column":31},"end":{"line":83,"column":53}},{"start":{"line":83,"column":57},"end":{"line":83,"column":84}}],"line":83},"22":{"loc":{"start":{"line":87,"column":2},"end":{"line":89,"column":3}},"type":"if","locations":[{"start":{"line":87,"column":2},"end":{"line":89,"column":3}},{"start":{},"end":{}}],"line":87},"23":{"loc":{"start":{"line":87,"column":31},"end":{"line":87,"column":106}},"type":"binary-expr","locations":[{"start":{"line":87,"column":31},"end":{"line":87,"column":64}},{"start":{"line":87,"column":68},"end":{"line":87,"column":106}}],"line":87},"24":{"loc":{"start":{"line":91,"column":2},"end":{"line":93,"column":3}},"type":"if","locations":[{"start":{"line":91,"column":2},"end":{"line":93,"column":3}},{"start":{},"end":{}}],"line":91},"25":{"loc":{"start":{"line":91,"column":31},"end":{"line":91,"column":78}},"type":"binary-expr","locations":[{"start":{"line":91,"column":31},"end":{"line":91,"column":50}},{"start":{"line":91,"column":54},"end":{"line":91,"column":78}}],"line":91}},"s":{"0":14,"1":4,"2":10,"3":3,"4":10,"5":2,"6":10,"7":10,"8":5,"9":5,"10":0,"11":0,"12":0,"13":0,"14":0,"15":0,"16":0,"17":0,"18":0,"19":0,"20":0,"21":0,"22":0,"23":0,"24":0,"25":0,"26":0,"27":0,"28":0,"29":0,"30":0,"31":0,"32":0,"33":0,"34":0,"35":0,"36":0,"37":0,"38":0,"39":0,"40":0,"41":0,"42":0,"43":0,"44":0,"45":0,"46":0,"47":0,"48":0,"49":1},"f":{"0":14,"1":0,"2":0,"3":0,"4":0,"5":0,"6":0,"7":0,"8":0},"b":{"0":[4,10],"1":[14,13,12],"2":[3,7],"3":[2,8],"4":[5,5],"5":[0,0],"6":[0,0,0],"7":[0,0],"8":[0,0],"9":[0,0],"10":[0,0],"11":[0,0],"12":[0,0],"13":[0,0],"14":[0,0],"15":[0,0],"16":[0,0],"17":[0,0],"18":[0,0],"19":[0,0],"20":[0,0],"21":[0,0],"22":[0,0],"23":[0,0],"24":[0,0],"25":[0,0]},"_coverageSchema":"1a1c01bbd47fc00a2c39e90264f33305004495a9","hash":"ba743e140d44f1b4ca4d1bdf835033d306f4d535"}
}
