{"/home/claudio/Documentos/github/webacademy/WACAD016-Fundamentos de Teste de Software/myapp-test/src/utils/validacoes.js": {"path":"/home/claudio/Documentos/github/webacademy/WACAD016-Fundamentos de Teste de Software/myapp-test/src/utils/validacoes.js","statementMap":{"0":{"start":{"line":8,"column":2},"end":{"line":10,"column":3}},"1":{"start":{"line":9,"column":4},"end":{"line":9,"column":44}},"2":{"start":{"line":12,"column":2},"end":{"line":14,"column":3}},"3":{"start":{"line":13,"column":4},"end":{"line":13,"column":42}},"4":{"start":{"line":16,"column":25},"end":{"line":16,"column":50}},"5":{"start":{"line":18,"column":2},"end":{"line":19,"column":24}},"6":{"start":{"line":19,"column":4},"end":{"line":19,"column":24}},"7":{"start":{"line":21,"column":2},"end":{"line":21,"column":47}},"8":{"start":{"line":33,"column":18},"end":{"line":39,"column":3}},"9":{"start":{"line":41,"column":28},"end":{"line":41,"column":48}},"10":{"start":{"line":43,"column":2},"end":{"line":43,"column":106}},"11":{"start":{"line":43,"column":89},"end":{"line":43,"column":106}},"12":{"start":{"line":44,"column":2},"end":{"line":44,"column":36}},"13":{"start":{"line":44,"column":23},"end":{"line":44,"column":36}},"14":{"start":{"line":45,"column":2},"end":{"line":45,"column":56}},"15":{"start":{"line":45,"column":39},"end":{"line":45,"column":56}},"16":{"start":{"line":46,"column":2},"end":{"line":46,"column":50}},"17":{"start":{"line":46,"column":38},"end":{"line":46,"column":50}},"18":{"start":{"line":47,"column":2},"end":{"line":47,"column":51}},"19":{"start":{"line":47,"column":38},"end":{"line":47,"column":51}},"20":{"start":{"line":48,"column":2},"end":{"line":48,"column":52}},"21":{"start":{"line":48,"column":40},"end":{"line":48,"column":52}},"22":{"start":{"line":67,"column":2},"end":{"line":67,"column":66}},"23":{"start":{"line":67,"column":57},"end":{"line":67,"column":66}},"24":{"start":{"line":69,"column":2},"end":{"line":71,"column":3}},"25":{"start":{"line":69,"column":31},"end":{"line":69,"column":106}},"26":{"start":{"line":70,"column":4},"end":{"line":70,"column":15}},"27":{"start":{"line":73,"column":2},"end":{"line":75,"column":3}},"28":{"start":{"line":73,"column":31},"end":{"line":73,"column":74}},"29":{"start":{"line":74,"column":4},"end":{"line":74,"column":15}},"30":{"start":{"line":77,"column":2},"end":{"line":79,"column":3}},"31":{"start":{"line":77,"column":31},"end":{"line":77,"column":94}},"32":{"start":{"line":78,"column":4},"end":{"line":78,"column":15}},"33":{"start":{"line":81,"column":2},"end":{"line":83,"column":3}},"34":{"start":{"line":81,"column":31},"end":{"line":81,"column":84}},"35":{"start":{"line":82,"column":4},"end":{"line":82,"column":15}},"36":{"start":{"line":85,"column":2},"end":{"line":87,"column":3}},"37":{"start":{"line":85,"column":31},"end":{"line":85,"column":106}},"38":{"start":{"line":86,"column":4},"end":{"line":86,"column":15}},"39":{"start":{"line":89,"column":2},"end":{"line":91,"column":3}},"40":{"start":{"line":89,"column":31},"end":{"line":89,"column":78}},"41":{"start":{"line":90,"column":4},"end":{"line":90,"column":13}},"42":{"start":{"line":93,"column":14},"end":{"line":93,"column":15}},"43":{"start":{"line":94,"column":2},"end":{"line":96,"column":3}},"44":{"start":{"line":94,"column":15},"end":{"line":94,"column":16}},"45":{"start":{"line":95,"column":4},"end":{"line":95,"column":56}},"46":{"start":{"line":97,"column":2},"end":{"line":97,"column":15}},"47":{"start":{"line":100,"column":0},"end":{"line":104,"column":2}}},"fnMap":{"0":{"name":"primeiroNome","decl":{"start":{"line":7,"column":9},"end":{"line":7,"column":21}},"loc":{"start":{"line":7,"column":36},"end":{"line":22,"column":1}},"line":7},"1":{"name":"verificarDisponibilidadeEstoque","decl":{"start":{"line":32,"column":9},"end":{"line":32,"column":40}},"loc":{"start":{"line":32,"column":66},"end":{"line":49,"column":1}},"line":32},"2":{"name":"calcularPrecoTotal","decl":{"start":{"line":66,"column":9},"end":{"line":66,"column":27}},"loc":{"start":{"line":66,"column":38},"end":{"line":98,"column":1}},"line":66},"3":{"name":"(anonymous_3)","decl":{"start":{"line":69,"column":20},"end":{"line":69,"column":21}},"loc":{"start":{"line":69,"column":31},"end":{"line":69,"column":106}},"line":69},"4":{"name":"(anonymous_4)","decl":{"start":{"line":73,"column":20},"end":{"line":73,"column":21}},"loc":{"start":{"line":73,"column":31},"end":{"line":73,"column":74}},"line":73},"5":{"name":"(anonymous_5)","decl":{"start":{"line":77,"column":20},"end":{"line":77,"column":21}},"loc":{"start":{"line":77,"column":31},"end":{"line":77,"column":94}},"line":77},"6":{"name":"(anonymous_6)","decl":{"start":{"line":81,"column":20},"end":{"line":81,"column":21}},"loc":{"start":{"line":81,"column":31},"end":{"line":81,"column":84}},"line":81},"7":{"name":"(anonymous_7)","decl":{"start":{"line":85,"column":20},"end":{"line":85,"column":21}},"loc":{"start":{"line":85,"column":31},"end":{"line":85,"column":106}},"line":85},"8":{"name":"(anonymous_8)","decl":{"start":{"line":89,"column":20},"end":{"line":89,"column":21}},"loc":{"start":{"line":89,"column":31},"end":{"line":89,"column":78}},"line":89}},"branchMap":{"0":{"loc":{"start":{"line":8,"column":2},"end":{"line":10,"column":3}},"type":"if","locations":[{"start":{"line":8,"column":2},"end":{"line":10,"column":3}},{"start":{},"end":{}}],"line":8},"1":{"loc":{"start":{"line":12,"column":2},"end":{"line":14,"column":3}},"type":"if","locations":[{"start":{"line":12,"column":2},"end":{"line":14,"column":3}},{"start":{},"end":{}}],"line":12},"2":{"loc":{"start":{"line":18,"column":2},"end":{"line":19,"column":24}},"type":"if","locations":[{"start":{"line":18,"column":2},"end":{"line":19,"column":24}},{"start":{},"end":{}}],"line":18},"3":{"loc":{"start":{"line":43,"column":2},"end":{"line":43,"column":106}},"type":"if","locations":[{"start":{"line":43,"column":2},"end":{"line":43,"column":106}},{"start":{},"end":{}}],"line":43},"4":{"loc":{"start":{"line":43,"column":6},"end":{"line":43,"column":87}},"type":"binary-expr","locations":[{"start":{"line":43,"column":6},"end":{"line":43,"column":30}},{"start":{"line":43,"column":34},"end":{"line":43,"column":53}},{"start":{"line":43,"column":57},"end":{"line":43,"column":87}}],"line":43},"5":{"loc":{"start":{"line":44,"column":2},"end":{"line":44,"column":36}},"type":"if","locations":[{"start":{"line":44,"column":2},"end":{"line":44,"column":36}},{"start":{},"end":{}}],"line":44},"6":{"loc":{"start":{"line":45,"column":2},"end":{"line":45,"column":56}},"type":"if","locations":[{"start":{"line":45,"column":2},"end":{"line":45,"column":56}},{"start":{},"end":{}}],"line":45},"7":{"loc":{"start":{"line":46,"column":2},"end":{"line":46,"column":50}},"type":"if","locations":[{"start":{"line":46,"column":2},"end":{"line":46,"column":50}},{"start":{},"end":{}}],"line":46},"8":{"loc":{"start":{"line":47,"column":2},"end":{"line":47,"column":51}},"type":"if","locations":[{"start":{"line":47,"column":2},"end":{"line":47,"column":51}},{"start":{},"end":{}}],"line":47},"9":{"loc":{"start":{"line":48,"column":2},"end":{"line":48,"column":52}},"type":"if","locations":[{"start":{"line":48,"column":2},"end":{"line":48,"column":52}},{"start":{},"end":{}}],"line":48},"10":{"loc":{"start":{"line":67,"column":2},"end":{"line":67,"column":66}},"type":"if","locations":[{"start":{"line":67,"column":2},"end":{"line":67,"column":66}},{"start":{},"end":{}}],"line":67},"11":{"loc":{"start":{"line":67,"column":6},"end":{"line":67,"column":55}},"type":"binary-expr","locations":[{"start":{"line":67,"column":6},"end":{"line":67,"column":30}},{"start":{"line":67,"column":34},"end":{"line":67,"column":55}}],"line":67},"12":{"loc":{"start":{"line":69,"column":2},"end":{"line":71,"column":3}},"type":"if","locations":[{"start":{"line":69,"column":2},"end":{"line":71,"column":3}},{"start":{},"end":{}}],"line":69},"13":{"loc":{"start":{"line":69,"column":31},"end":{"line":69,"column":106}},"type":"binary-expr","locations":[{"start":{"line":69,"column":31},"end":{"line":69,"column":64}},{"start":{"line":69,"column":68},"end":{"line":69,"column":106}}],"line":69},"14":{"loc":{"start":{"line":73,"column":2},"end":{"line":75,"column":3}},"type":"if","locations":[{"start":{"line":73,"column":2},"end":{"line":75,"column":3}},{"start":{},"end":{}}],"line":73},"15":{"loc":{"start":{"line":73,"column":31},"end":{"line":73,"column":74}},"type":"binary-expr","locations":[{"start":{"line":73,"column":31},"end":{"line":73,"column":48}},{"start":{"line":73,"column":52},"end":{"line":73,"column":74}}],"line":73},"16":{"loc":{"start":{"line":77,"column":2},"end":{"line":79,"column":3}},"type":"if","locations":[{"start":{"line":77,"column":2},"end":{"line":79,"column":3}},{"start":{},"end":{}}],"line":77},"17":{"loc":{"start":{"line":77,"column":31},"end":{"line":77,"column":94}},"type":"binary-expr","locations":[{"start":{"line":77,"column":31},"end":{"line":77,"column":58}},{"start":{"line":77,"column":62},"end":{"line":77,"column":94}}],"line":77},"18":{"loc":{"start":{"line":81,"column":2},"end":{"line":83,"column":3}},"type":"if","locations":[{"start":{"line":81,"column":2},"end":{"line":83,"column":3}},{"start":{},"end":{}}],"line":81},"19":{"loc":{"start":{"line":81,"column":31},"end":{"line":81,"column":84}},"type":"binary-expr","locations":[{"start":{"line":81,"column":31},"end":{"line":81,"column":53}},{"start":{"line":81,"column":57},"end":{"line":81,"column":84}}],"line":81},"20":{"loc":{"start":{"line":85,"column":2},"end":{"line":87,"column":3}},"type":"if","locations":[{"start":{"line":85,"column":2},"end":{"line":87,"column":3}},{"start":{},"end":{}}],"line":85},"21":{"loc":{"start":{"line":85,"column":31},"end":{"line":85,"column":106}},"type":"binary-expr","locations":[{"start":{"line":85,"column":31},"end":{"line":85,"column":64}},{"start":{"line":85,"column":68},"end":{"line":85,"column":106}}],"line":85},"22":{"loc":{"start":{"line":89,"column":2},"end":{"line":91,"column":3}},"type":"if","locations":[{"start":{"line":89,"column":2},"end":{"line":91,"column":3}},{"start":{},"end":{}}],"line":89},"23":{"loc":{"start":{"line":89,"column":31},"end":{"line":89,"column":78}},"type":"binary-expr","locations":[{"start":{"line":89,"column":31},"end":{"line":89,"column":50}},{"start":{"line":89,"column":54},"end":{"line":89,"column":78}}],"line":89}},"s":{"0":8,"1":2,"2":8,"3":2,"4":8,"5":8,"6":4,"7":4,"8":12,"9":12,"10":12,"11":3,"12":9,"13":2,"14":7,"15":4,"16":3,"17":1,"18":2,"19":1,"20":1,"21":1,"22":17,"23":3,"24":14,"25":34,"26":8,"27":6,"28":12,"29":2,"30":4,"31":10,"32":0,"33":4,"34":10,"35":0,"36":4,"37":10,"38":0,"39":4,"40":6,"41":2,"42":2,"43":2,"44":2,"45":4,"46":2,"47":1},"f":{"0":8,"1":12,"2":17,"3":34,"4":12,"5":10,"6":10,"7":10,"8":6},"b":{"0":[2,6],"1":[2,6],"2":[4,4],"3":[3,9],"4":[12,11,10],"5":[2,7],"6":[4,3],"7":[1,2],"8":[1,1],"9":[1,0],"10":[3,14],"11":[17,15],"12":[8,6],"13":[34,30],"14":[2,4],"15":[12,11],"16":[0,4],"17":[10,10],"18":[0,4],"19":[10,10],"20":[0,4],"21":[10,10],"22":[2,2],"23":[6,5]},"_coverageSchema":"1a1c01bbd47fc00a2c39e90264f33305004495a9","hash":"04edeb40296c150802d0ff5bbab3cc6016821be8"}
}
