TN:
SF:src/utils/validacoes.js
FN:7,primeiroNome
FN:32,verificarDisponibilidadeEstoque
FN:66,calcularPrecoTotal
FN:69,(anonymous_3)
FN:73,(anonymous_4)
FN:77,(anonymous_5)
FN:81,(anonymous_6)
FN:85,(anonymous_7)
FN:89,(anonymous_8)
FNF:9
FNH:9
FNDA:8,primeiroNome
FNDA:12,verificarDisponibilidadeEstoque
FNDA:17,calcularPrecoTotal
FNDA:34,(anonymous_3)
FNDA:12,(anonymous_4)
FNDA:10,(anonymous_5)
FNDA:10,(anonymous_6)
FNDA:10,(anonymous_7)
FNDA:6,(anonymous_8)
DA:8,8
DA:9,2
DA:12,8
DA:13,2
DA:16,8
DA:18,8
DA:19,4
DA:21,4
DA:33,12
DA:41,12
DA:43,12
DA:44,9
DA:45,7
DA:46,3
DA:47,2
DA:48,1
DA:67,17
DA:69,34
DA:70,8
DA:73,12
DA:74,2
DA:77,10
DA:78,0
DA:81,10
DA:82,0
DA:85,10
DA:86,0
DA:89,6
DA:90,2
DA:93,2
DA:94,2
DA:95,4
DA:97,2
DA:100,1
LF:34
LH:31
BRDA:8,0,0,2
BRDA:8,0,1,6
BRDA:12,1,0,2
BRDA:12,1,1,6
BRDA:18,2,0,4
BRDA:18,2,1,4
BRDA:43,3,0,3
BRDA:43,3,1,9
BRDA:43,4,0,12
BRDA:43,4,1,11
BRDA:43,4,2,10
BRDA:44,5,0,2
BRDA:44,5,1,7
BRDA:45,6,0,4
BRDA:45,6,1,3
BRDA:46,7,0,1
BRDA:46,7,1,2
BRDA:47,8,0,1
BRDA:47,8,1,1
BRDA:48,9,0,1
BRDA:48,9,1,0
BRDA:67,10,0,3
BRDA:67,10,1,14
BRDA:67,11,0,17
BRDA:67,11,1,15
BRDA:69,12,0,8
BRDA:69,12,1,6
BRDA:69,13,0,34
BRDA:69,13,1,30
BRDA:73,14,0,2
BRDA:73,14,1,4
BRDA:73,15,0,12
BRDA:73,15,1,11
BRDA:77,16,0,0
BRDA:77,16,1,4
BRDA:77,17,0,10
BRDA:77,17,1,10
BRDA:81,18,0,0
BRDA:81,18,1,4
BRDA:81,19,0,10
BRDA:81,19,1,10
BRDA:85,20,0,0
BRDA:85,20,1,4
BRDA:85,21,0,10
BRDA:85,21,1,10
BRDA:89,22,0,2
BRDA:89,22,1,2
BRDA:89,23,0,6
BRDA:89,23,1,5
BRF:49
BRH:45
end_of_record
